

Microchip MPLAB XC8 Assembler V2.40 build 20220703182018 
                                                                                               Tue Aug 01 15:54:44 2023

Microchip MPLAB XC8 C Compiler v2.40 (Free license) build 20220703182018 Og1 
     1                           	processor	16F887
     2                           	pagewidth 120
     3                           	opt	flic
     4                           	psect	idataBANK0,global,class=CODE,delta=2,noexec
     5                           	psect	cinit,global,class=CODE,merge=1,delta=2
     6                           	psect	bssCOMMON,global,class=COMMON,space=1,delta=1,noexec
     7                           	psect	bssBANK0,global,class=BANK0,space=1,delta=1,noexec
     8                           	psect	dataBANK0,global,class=BANK0,space=1,delta=1,noexec
     9                           	psect	cstackCOMMON,global,class=COMMON,space=1,delta=1,noexec
    10                           	psect	cstackBANK0,global,class=BANK0,space=1,delta=1,noexec
    11                           	psect	maintext,global,class=CODE,split=1,delta=2
    12                           	psect	text1,local,class=CODE,merge=1,delta=2
    13                           	psect	text2,local,class=CODE,merge=1,delta=2
    14                           	psect	text3,local,class=CODE,merge=1,delta=2
    15                           	psect	text4,local,class=CODE,merge=1,delta=2
    16                           	psect	text5,local,class=CODE,merge=1,delta=2
    17                           	psect	intentry,global,class=CODE,delta=2
    18                           	psect	text6,local,class=CODE,merge=1,delta=2
    19                           	psect	text7,local,class=CODE,merge=1,delta=2
    20                           	psect	text8,local,class=CODE,merge=1,delta=2
    21                           	psect	text9,local,class=CODE,merge=1,delta=2
    22                           	psect	text10,local,class=CODE,merge=1,delta=2
    23                           	psect	idloc,global,abs,ovrld,class=IDLOC,space=5,delta=2,noexec
    24                           	psect	config,global,abs,ovrld,class=CONFIG,space=4,delta=2,noexec
    25                           	dabs	1,0x7E,2
    26     0000                     
    27                           ; Version 2.40
    28                           ; Generated 17/11/2021 GMT
    29                           ; 
    30                           ; Copyright © 2021, Microchip Technology Inc. and its subsidiaries ("Microchip")
    31                           ; All rights reserved.
    32                           ; 
    33                           ; This software is developed by Microchip Technology Inc. and its subsidiaries ("Microch
      +                          ip").
    34                           ; 
    35                           ; Redistribution and use in source and binary forms, with or without modification, are
    36                           ; permitted provided that the following conditions are met:
    37                           ; 
    38                           ;     1. Redistributions of source code must retain the above copyright notice, this lis
      +                          t of
    39                           ;        conditions and the following disclaimer.
    40                           ; 
    41                           ;     2. Redistributions in binary form must reproduce the above copyright notice, this 
      +                          list
    42                           ;        of conditions and the following disclaimer in the documentation and/or other
    43                           ;        materials provided with the distribution. Publication is not required when
    44                           ;        this file is used in an embedded application.
    45                           ; 
    46                           ;     3. Microchip's name may not be used to endorse or promote products derived from th
      +                          is
    47                           ;        software without specific prior written permission.
    48                           ; 
    49                           ; THIS SOFTWARE IS PROVIDED BY MICROCHIP "AS IS" AND ANY EXPRESS OR IMPLIED WARRANTIES,
    50                           ; INCLUDING, BUT NOT LIMITED TO, THE IMPLIED WARRANTIES OF MERCHANTABILITY AND FITNESS F
      +                          OR
    51                           ; PURPOSE ARE DISCLAIMED.  IN NO EVENT SHALL MICROCHIP BE LIABLE FOR ANY DIRECT, INDIREC
      +                          T,
    52                           ; INCIDENTAL, SPECIAL, EXEMPLARY, OR CONSEQUENTIAL DAMAGES (INCLUDING BUT NOT LIMITED TO
    53                           ; PROCUREMENT OF SUBSTITUTE GOODS OR SERVICES; LOSS OF USE, DATA OR PROFITS; OR BUSINESS
    54                           ; INTERRUPTION) HOWSOEVER CAUSED AND ON ANY THEORY OF LIABILITY, WHETHER IN CONTRACT, ST
      +                          RICT
    55                           ; LIABILITY, OR TORT (INCLUDING NEGLIGENCE OR OTHERWISE) ARISING IN ANY WAY OUT OF THE U
      +                          SE OF
    56                           ; THIS SOFTWARE, EVEN IF ADVISED OF THE POSSIBILITY OF SUCH DAMAGE.
    57                           ; 
    58                           ; 
    59                           ; Code-generator required, PIC16F887 Definitions
    60                           ; 
    61                           ; SFR Addresses
    62     0000                     	;# 
    63     0001                     	;# 
    64     0002                     	;# 
    65     0003                     	;# 
    66     0004                     	;# 
    67     0005                     	;# 
    68     0006                     	;# 
    69     0007                     	;# 
    70     0008                     	;# 
    71     0009                     	;# 
    72     000A                     	;# 
    73     000B                     	;# 
    74     000C                     	;# 
    75     000D                     	;# 
    76     000E                     	;# 
    77     000E                     	;# 
    78     000F                     	;# 
    79     0010                     	;# 
    80     0011                     	;# 
    81     0012                     	;# 
    82     0013                     	;# 
    83     0014                     	;# 
    84     0015                     	;# 
    85     0015                     	;# 
    86     0016                     	;# 
    87     0017                     	;# 
    88     0018                     	;# 
    89     0019                     	;# 
    90     001A                     	;# 
    91     001B                     	;# 
    92     001B                     	;# 
    93     001C                     	;# 
    94     001D                     	;# 
    95     001E                     	;# 
    96     001F                     	;# 
    97     0081                     	;# 
    98     0085                     	;# 
    99     0086                     	;# 
   100     0087                     	;# 
   101     0088                     	;# 
   102     0089                     	;# 
   103     008C                     	;# 
   104     008D                     	;# 
   105     008E                     	;# 
   106     008F                     	;# 
   107     0090                     	;# 
   108     0091                     	;# 
   109     0092                     	;# 
   110     0093                     	;# 
   111     0093                     	;# 
   112     0093                     	;# 
   113     0094                     	;# 
   114     0095                     	;# 
   115     0096                     	;# 
   116     0097                     	;# 
   117     0098                     	;# 
   118     0099                     	;# 
   119     009A                     	;# 
   120     009B                     	;# 
   121     009C                     	;# 
   122     009D                     	;# 
   123     009E                     	;# 
   124     009F                     	;# 
   125     0105                     	;# 
   126     0107                     	;# 
   127     0108                     	;# 
   128     0109                     	;# 
   129     010C                     	;# 
   130     010C                     	;# 
   131     010D                     	;# 
   132     010E                     	;# 
   133     010F                     	;# 
   134     0185                     	;# 
   135     0187                     	;# 
   136     0188                     	;# 
   137     0189                     	;# 
   138     018C                     	;# 
   139     018D                     	;# 
   140     0000                     	;# 
   141     0001                     	;# 
   142     0002                     	;# 
   143     0003                     	;# 
   144     0004                     	;# 
   145     0005                     	;# 
   146     0006                     	;# 
   147     0007                     	;# 
   148     0008                     	;# 
   149     0009                     	;# 
   150     000A                     	;# 
   151     000B                     	;# 
   152     000C                     	;# 
   153     000D                     	;# 
   154     000E                     	;# 
   155     000E                     	;# 
   156     000F                     	;# 
   157     0010                     	;# 
   158     0011                     	;# 
   159     0012                     	;# 
   160     0013                     	;# 
   161     0014                     	;# 
   162     0015                     	;# 
   163     0015                     	;# 
   164     0016                     	;# 
   165     0017                     	;# 
   166     0018                     	;# 
   167     0019                     	;# 
   168     001A                     	;# 
   169     001B                     	;# 
   170     001B                     	;# 
   171     001C                     	;# 
   172     001D                     	;# 
   173     001E                     	;# 
   174     001F                     	;# 
   175     0081                     	;# 
   176     0085                     	;# 
   177     0086                     	;# 
   178     0087                     	;# 
   179     0088                     	;# 
   180     0089                     	;# 
   181     008C                     	;# 
   182     008D                     	;# 
   183     008E                     	;# 
   184     008F                     	;# 
   185     0090                     	;# 
   186     0091                     	;# 
   187     0092                     	;# 
   188     0093                     	;# 
   189     0093                     	;# 
   190     0093                     	;# 
   191     0094                     	;# 
   192     0095                     	;# 
   193     0096                     	;# 
   194     0097                     	;# 
   195     0098                     	;# 
   196     0099                     	;# 
   197     009A                     	;# 
   198     009B                     	;# 
   199     009C                     	;# 
   200     009D                     	;# 
   201     009E                     	;# 
   202     009F                     	;# 
   203     0105                     	;# 
   204     0107                     	;# 
   205     0108                     	;# 
   206     0109                     	;# 
   207     010C                     	;# 
   208     010C                     	;# 
   209     010D                     	;# 
   210     010E                     	;# 
   211     010F                     	;# 
   212     0185                     	;# 
   213     0187                     	;# 
   214     0188                     	;# 
   215     0189                     	;# 
   216     018C                     	;# 
   217     018D                     	;# 
   218     0000                     	;# 
   219     0001                     	;# 
   220     0002                     	;# 
   221     0003                     	;# 
   222     0004                     	;# 
   223     0005                     	;# 
   224     0006                     	;# 
   225     0007                     	;# 
   226     0008                     	;# 
   227     0009                     	;# 
   228     000A                     	;# 
   229     000B                     	;# 
   230     000C                     	;# 
   231     000D                     	;# 
   232     000E                     	;# 
   233     000E                     	;# 
   234     000F                     	;# 
   235     0010                     	;# 
   236     0011                     	;# 
   237     0012                     	;# 
   238     0013                     	;# 
   239     0014                     	;# 
   240     0015                     	;# 
   241     0015                     	;# 
   242     0016                     	;# 
   243     0017                     	;# 
   244     0018                     	;# 
   245     0019                     	;# 
   246     001A                     	;# 
   247     001B                     	;# 
   248     001B                     	;# 
   249     001C                     	;# 
   250     001D                     	;# 
   251     001E                     	;# 
   252     001F                     	;# 
   253     0081                     	;# 
   254     0085                     	;# 
   255     0086                     	;# 
   256     0087                     	;# 
   257     0088                     	;# 
   258     0089                     	;# 
   259     008C                     	;# 
   260     008D                     	;# 
   261     008E                     	;# 
   262     008F                     	;# 
   263     0090                     	;# 
   264     0091                     	;# 
   265     0092                     	;# 
   266     0093                     	;# 
   267     0093                     	;# 
   268     0093                     	;# 
   269     0094                     	;# 
   270     0095                     	;# 
   271     0096                     	;# 
   272     0097                     	;# 
   273     0098                     	;# 
   274     0099                     	;# 
   275     009A                     	;# 
   276     009B                     	;# 
   277     009C                     	;# 
   278     009D                     	;# 
   279     009E                     	;# 
   280     009F                     	;# 
   281     0105                     	;# 
   282     0107                     	;# 
   283     0108                     	;# 
   284     0109                     	;# 
   285     010C                     	;# 
   286     010C                     	;# 
   287     010D                     	;# 
   288     010E                     	;# 
   289     010F                     	;# 
   290     0185                     	;# 
   291     0187                     	;# 
   292     0188                     	;# 
   293     0189                     	;# 
   294     018C                     	;# 
   295     018D                     	;# 
   296     0000                     	;# 
   297     0001                     	;# 
   298     0002                     	;# 
   299     0003                     	;# 
   300     0004                     	;# 
   301     0005                     	;# 
   302     0006                     	;# 
   303     0007                     	;# 
   304     0008                     	;# 
   305     0009                     	;# 
   306     000A                     	;# 
   307     000B                     	;# 
   308     000C                     	;# 
   309     000D                     	;# 
   310     000E                     	;# 
   311     000E                     	;# 
   312     000F                     	;# 
   313     0010                     	;# 
   314     0011                     	;# 
   315     0012                     	;# 
   316     0013                     	;# 
   317     0014                     	;# 
   318     0015                     	;# 
   319     0015                     	;# 
   320     0016                     	;# 
   321     0017                     	;# 
   322     0018                     	;# 
   323     0019                     	;# 
   324     001A                     	;# 
   325     001B                     	;# 
   326     001B                     	;# 
   327     001C                     	;# 
   328     001D                     	;# 
   329     001E                     	;# 
   330     001F                     	;# 
   331     0081                     	;# 
   332     0085                     	;# 
   333     0086                     	;# 
   334     0087                     	;# 
   335     0088                     	;# 
   336     0089                     	;# 
   337     008C                     	;# 
   338     008D                     	;# 
   339     008E                     	;# 
   340     008F                     	;# 
   341     0090                     	;# 
   342     0091                     	;# 
   343     0092                     	;# 
   344     0093                     	;# 
   345     0093                     	;# 
   346     0093                     	;# 
   347     0094                     	;# 
   348     0095                     	;# 
   349     0096                     	;# 
   350     0097                     	;# 
   351     0098                     	;# 
   352     0099                     	;# 
   353     009A                     	;# 
   354     009B                     	;# 
   355     009C                     	;# 
   356     009D                     	;# 
   357     009E                     	;# 
   358     009F                     	;# 
   359     0105                     	;# 
   360     0107                     	;# 
   361     0108                     	;# 
   362     0109                     	;# 
   363     010C                     	;# 
   364     010C                     	;# 
   365     010D                     	;# 
   366     010E                     	;# 
   367     010F                     	;# 
   368     0185                     	;# 
   369     0187                     	;# 
   370     0188                     	;# 
   371     0189                     	;# 
   372     018C                     	;# 
   373     018D                     	;# 
   374                           
   375                           	psect	idataBANK0
   376     017D                     __pidataBANK0:
   377                           
   378                           ;initializer for _channels
   379     017D  3400               	retlw	0
   380     017E  3400               	retlw	0
   381     017F  3401               	retlw	1
   382     0180  3400               	retlw	0
   383     0013                     _SSPBUF	set	19
   384     0014                     _SSPCON	set	20
   385     001E                     _ADRESH	set	30
   386     000B                     _INTCONbits	set	11
   387     0006                     _PORTB	set	6
   388     001F                     _ADCON0bits	set	31
   389     000C                     _PIR1bits	set	12
   390     0008                     _PORTD	set	8
   391     0063                     _SSPIF	set	99
   392     0094                     _SSPSTATbits	set	148
   393     0094                     _SSPSTAT	set	148
   394     009F                     _ADCON1bits	set	159
   395     0085                     _TRISAbits	set	133
   396     008C                     _PIE1bits	set	140
   397     0088                     _TRISD	set	136
   398     0086                     _TRISB	set	134
   399     008F                     _OSCCONbits	set	143
   400     043B                     _TRISC3	set	1083
   401     043D                     _TRISC5	set	1085
   402     0189                     _ANSELH	set	393
   403     0188                     _ANSEL	set	392
   404                           
   405                           	psect	cinit
   406     000F                     start_initialization:	
   407                           ; #config settings
   408                           
   409     000F                     __initialization:
   410                           
   411                           ; Initialize objects allocated to BANK0
   412     000F  120A  118A  217D  120A  118A  	fcall	__pidataBANK0	;fetch initializer
   413     0014  00A9               	movwf	__pdataBANK0& (0+127)
   414     0015  120A  118A  217E  120A  118A  	fcall	__pidataBANK0+1	;fetch initializer
   415     001A  00AA               	movwf	(__pdataBANK0+1)& (0+127)
   416     001B  120A  118A  217F  120A  118A  	fcall	__pidataBANK0+2	;fetch initializer
   417     0020  00AB               	movwf	(__pdataBANK0+2)& (0+127)
   418     0021  120A  118A  2180  120A  118A  	fcall	__pidataBANK0+3	;fetch initializer
   419     0026  00AC               	movwf	(__pdataBANK0+3)& (0+127)
   420                           
   421                           ; Clear objects allocated to BANK0
   422     0027  01AD               	clrf	__pbssBANK0& (0+127)
   423     0028  01AE               	clrf	(__pbssBANK0+1)& (0+127)
   424                           
   425                           ; Clear objects allocated to COMMON
   426     0029  01F7               	clrf	__pbssCOMMON& (0+127)
   427     002A  01F8               	clrf	(__pbssCOMMON+1)& (0+127)
   428     002B  01F9               	clrf	(__pbssCOMMON+2)& (0+127)
   429     002C                     end_of_initialization:	
   430                           ;End of C runtime variable initialization code
   431                           
   432     002C                     __end_of__initialization:
   433     002C  0183               	clrf	3
   434     002D  120A  118A  28AC   	ljmp	_main	;jump to C main() function
   435                           
   436                           	psect	bssCOMMON
   437     0077                     __pbssCOMMON:
   438     0077                     _numero2:
   439     0077                     	ds	1
   440     0078                     _numero:
   441     0078                     	ds	1
   442     0079                     _temporal:
   443     0079                     	ds	1
   444                           
   445                           	psect	bssBANK0
   446     002D                     __pbssBANK0:
   447     002D                     adc_change_channel@temp_channel:
   448     002D                     	ds	2
   449                           
   450                           	psect	dataBANK0
   451     0029                     __pdataBANK0:
   452     0029                     _channels:
   453     0029                     	ds	4
   454                           
   455                           	psect	cstackCOMMON
   456     0070                     __pcstackCOMMON:
   457     0070                     ?_spiRead:
   458     0070                     ??_spiRead:	
   459                           ; 1 bytes @ 0x0
   460                           
   461     0070                     ?_spiWrite:	
   462                           ; 1 bytes @ 0x0
   463                           
   464     0070                     ??_spiWrite:	
   465                           ; 1 bytes @ 0x0
   466                           
   467     0070                     ?_setup:	
   468                           ; 1 bytes @ 0x0
   469                           
   470     0070                     ?_isr:	
   471                           ; 1 bytes @ 0x0
   472                           
   473     0070                     ?_main:	
   474                           ; 1 bytes @ 0x0
   475                           
   476     0070                     ?_spiReceiveWait:	
   477                           ; 1 bytes @ 0x0
   478                           
   479     0070                     ??_spiReceiveWait:	
   480                           ; 1 bytes @ 0x0
   481                           
   482     0070                     ?_adc_get_channel:	
   483                           ; 1 bytes @ 0x0
   484                           
   485     0070                     ?_adc_read:	
   486                           ; 2 bytes @ 0x0
   487                           
   488     0070                     spiWrite@dat:	
   489                           ; 2 bytes @ 0x0
   490                           
   491                           
   492                           ; 1 bytes @ 0x0
   493     0070                     	ds	2
   494     0072                     ??_adc_get_channel:
   495     0072                     ??_adc_read:	
   496                           ; 1 bytes @ 0x2
   497                           
   498                           
   499                           ; 1 bytes @ 0x2
   500     0072                     	ds	3
   501     0075                     ??_isr:
   502                           
   503                           ; 1 bytes @ 0x5
   504     0075                     	ds	2
   505                           
   506                           	psect	cstackBANK0
   507     0020                     __pcstackBANK0:
   508     0020                     ?_adc_change_channel:
   509     0020                     ?_adc_init:	
   510                           ; 1 bytes @ 0x0
   511                           
   512     0020                     ?_spiInit:	
   513                           ; 1 bytes @ 0x0
   514                           
   515     0020                     spiInit@sDataSample:	
   516                           ; 1 bytes @ 0x0
   517                           
   518     0020                     adc_init@channel:	
   519                           ; 1 bytes @ 0x0
   520                           
   521     0020                     adc_change_channel@length:	
   522                           ; 2 bytes @ 0x0
   523                           
   524                           
   525                           ; 2 bytes @ 0x0
   526     0020                     	ds	1
   527     0021                     spiInit@sClockIdle:
   528                           
   529                           ; 1 bytes @ 0x1
   530     0021                     	ds	1
   531     0022                     ??_adc_change_channel:
   532     0022                     ??_adc_init:	
   533                           ; 1 bytes @ 0x2
   534                           
   535     0022                     spiInit@sTransmitEdge:	
   536                           ; 1 bytes @ 0x2
   537                           
   538                           
   539                           ; 1 bytes @ 0x2
   540     0022                     	ds	1
   541     0023                     ??_spiInit:
   542     0023                     spiInit@sType:	
   543                           ; 1 bytes @ 0x3
   544                           
   545                           
   546                           ; 1 bytes @ 0x3
   547     0023                     	ds	1
   548     0024                     ??_setup:
   549                           
   550                           ; 1 bytes @ 0x4
   551     0024                     	ds	1
   552     0025                     adc_change_channel@channel:
   553                           
   554                           ; 1 bytes @ 0x5
   555     0025                     	ds	1
   556     0026                     ??_main:
   557                           
   558                           ; 1 bytes @ 0x6
   559     0026                     	ds	3
   560                           
   561                           	psect	maintext
   562     00AC                     __pmaintext:	
   563 ;;
   564 ;;Main: autosize = 0, tempsize = 3, incstack = 0, save=0
   565 ;;
   566 ;; *************** function _main *****************
   567 ;; Defined at:
   568 ;;		line 78 in file "Lab3_Slave2.c"
   569 ;; Parameters:    Size  Location     Type
   570 ;;		None
   571 ;; Auto vars:     Size  Location     Type
   572 ;;		None
   573 ;; Return value:  Size  Location     Type
   574 ;;                  1    wreg      void 
   575 ;; Registers used:
   576 ;;		wreg, fsr0l, fsr0h, status,2, status,0, pclath, cstack
   577 ;; Tracked objects:
   578 ;;		On entry : B00/0
   579 ;;		On exit  : 0/0
   580 ;;		Unchanged: 0/0
   581 ;; Data sizes:     COMMON   BANK0   BANK1   BANK3   BANK2
   582 ;;      Params:         0       0       0       0       0
   583 ;;      Locals:         0       0       0       0       0
   584 ;;      Temps:          0       3       0       0       0
   585 ;;      Totals:         0       3       0       0       0
   586 ;;Total ram usage:        3 bytes
   587 ;; Hardware stack levels required when called: 5
   588 ;; This function calls:
   589 ;;		_adc_change_channel
   590 ;;		_setup
   591 ;; This function is called by:
   592 ;;		Startup code after reset
   593 ;; This function uses a non-reentrant model
   594 ;;
   595                           
   596     00AC                     _main:	
   597                           ;psect for function _main
   598                           
   599     00AC                     l1002:	
   600                           ;incstack = 0
   601                           ; Regs used in _main: [wreg-fsr0h+status,2+status,0+pclath+cstack]
   602                           
   603                           
   604                           ;Lab3_Slave2.c: 79:     setup();
   605     00AC  120A  118A  20DD  120A  118A  	fcall	_setup
   606     00B1                     l1004:
   607                           
   608                           ;Lab3_Slave2.c: 80:     _delay((unsigned long)((50)*(8000000/4000000.0)));
   609     00B1  3020               	movlw	32
   610     00B2  1283               	bcf	3,5	;RP0=0, select bank0
   611     00B3  1303               	bcf	3,6	;RP1=0, select bank0
   612     00B4  00A6               	movwf	??_main
   613     00B5                     u157:
   614     00B5  0BA6               	decfsz	??_main,f
   615     00B6  28B5               	goto	u157
   616     00B7  0000               	nop
   617     00B8                     l1006:
   618                           
   619                           ;Lab3_Slave2.c: 81:     ADCON0bits.GO = 1;
   620     00B8  1283               	bcf	3,5	;RP0=0, select bank0
   621     00B9  1303               	bcf	3,6	;RP1=0, select bank0
   622     00BA  149F               	bsf	31,1	;volatile
   623     00BB                     l1008:
   624                           
   625                           ;Lab3_Slave2.c: 86:         adc_change_channel(channels,2);
   626     00BB  3002               	movlw	2
   627     00BC  1283               	bcf	3,5	;RP0=0, select bank0
   628     00BD  1303               	bcf	3,6	;RP1=0, select bank0
   629     00BE  00A0               	movwf	adc_change_channel@length
   630     00BF  3000               	movlw	0
   631     00C0  00A1               	movwf	adc_change_channel@length+1
   632     00C1  3029               	movlw	(low (_channels| 0))& (0+255)
   633     00C2  120A  118A  206F  120A  118A  	fcall	_adc_change_channel
   634     00C7                     l1010:
   635                           
   636                           ;Lab3_Slave2.c: 87:        PORTB--;
   637     00C7  3001               	movlw	1
   638     00C8  1283               	bcf	3,5	;RP0=0, select bank0
   639     00C9  1303               	bcf	3,6	;RP1=0, select bank0
   640     00CA  0286               	subwf	6,f	;volatile
   641     00CB                     l1012:
   642                           
   643                           ;Lab3_Slave2.c: 88:        _delay((unsigned long)((250)*(8000000/4000.0)));
   644     00CB  3003               	movlw	3
   645     00CC  1283               	bcf	3,5	;RP0=0, select bank0
   646     00CD  1303               	bcf	3,6	;RP1=0, select bank0
   647     00CE  00A8               	movwf	??_main+2
   648     00CF  308A               	movlw	138
   649     00D0  00A7               	movwf	??_main+1
   650     00D1  3055               	movlw	85
   651     00D2  00A6               	movwf	??_main
   652     00D3                     u167:
   653     00D3  0BA6               	decfsz	??_main,f
   654     00D4  28D3               	goto	u167
   655     00D5  0BA7               	decfsz	??_main+1,f
   656     00D6  28D3               	goto	u167
   657     00D7  0BA8               	decfsz	??_main+2,f
   658     00D8  28D3               	goto	u167
   659     00D9  28BB               	goto	l1008
   660     00DA  120A  118A  280C   	ljmp	start
   661     00DD                     __end_of_main:
   662                           
   663                           	psect	text1
   664     00DD                     __ptext1:	
   665 ;; *************** function _setup *****************
   666 ;; Defined at:
   667 ;;		line 95 in file "Lab3_Slave2.c"
   668 ;; Parameters:    Size  Location     Type
   669 ;;		None
   670 ;; Auto vars:     Size  Location     Type
   671 ;;		None
   672 ;; Return value:  Size  Location     Type
   673 ;;                  1    wreg      void 
   674 ;; Registers used:
   675 ;;		wreg, status,2, status,0, pclath, cstack
   676 ;; Tracked objects:
   677 ;;		On entry : 0/0
   678 ;;		On exit  : 0/0
   679 ;;		Unchanged: 0/0
   680 ;; Data sizes:     COMMON   BANK0   BANK1   BANK3   BANK2
   681 ;;      Params:         0       0       0       0       0
   682 ;;      Locals:         0       0       0       0       0
   683 ;;      Temps:          0       0       0       0       0
   684 ;;      Totals:         0       0       0       0       0
   685 ;;Total ram usage:        0 bytes
   686 ;; Hardware stack levels used: 1
   687 ;; Hardware stack levels required when called: 4
   688 ;; This function calls:
   689 ;;		_adc_init
   690 ;;		_spiInit
   691 ;; This function is called by:
   692 ;;		_main
   693 ;; This function uses a non-reentrant model
   694 ;;
   695                           
   696     00DD                     _setup:	
   697                           ;psect for function _setup
   698                           
   699     00DD                     l968:	
   700                           ;incstack = 0
   701                           ; Regs used in _setup: [wreg+status,2+status,0+pclath+cstack]
   702                           
   703                           
   704                           ;Lab3_Slave2.c: 96:     ANSEL = 0b00000011;
   705     00DD  3003               	movlw	3
   706     00DE  1683               	bsf	3,5	;RP0=1, select bank3
   707     00DF  1703               	bsf	3,6	;RP1=1, select bank3
   708     00E0  0088               	movwf	8	;volatile
   709     00E1                     l970:
   710                           
   711                           ;Lab3_Slave2.c: 97:     ANSELH = 0;
   712     00E1  0189               	clrf	9	;volatile
   713     00E2                     l972:
   714                           
   715                           ;Lab3_Slave2.c: 98:     adc_init(0);
   716     00E2  3000               	movlw	0
   717     00E3  1283               	bcf	3,5	;RP0=0, select bank0
   718     00E4  1303               	bcf	3,6	;RP1=0, select bank0
   719     00E5  00A0               	movwf	adc_init@channel
   720     00E6  00A1               	movwf	adc_init@channel+1
   721     00E7  120A  118A  210B  120A  118A  	fcall	_adc_init
   722     00EC                     l974:
   723                           
   724                           ;Lab3_Slave2.c: 100:     OSCCONbits.IRCF2 = 1;
   725     00EC  1683               	bsf	3,5	;RP0=1, select bank1
   726     00ED  1303               	bcf	3,6	;RP1=0, select bank1
   727     00EE  170F               	bsf	15,6	;volatile
   728     00EF                     l976:
   729                           
   730                           ;Lab3_Slave2.c: 101:     OSCCONbits.IRCF1 = 1;
   731     00EF  168F               	bsf	15,5	;volatile
   732     00F0                     l978:
   733                           
   734                           ;Lab3_Slave2.c: 102:     OSCCONbits.IRCF0 = 1;
   735     00F0  160F               	bsf	15,4	;volatile
   736     00F1                     l980:
   737                           
   738                           ;Lab3_Slave2.c: 103:     OSCCONbits.SCS = 1;
   739     00F1  140F               	bsf	15,0	;volatile
   740     00F2                     l982:
   741                           
   742                           ;Lab3_Slave2.c: 106:     TRISB = 0;
   743     00F2  0186               	clrf	6	;volatile
   744     00F3                     l984:
   745                           
   746                           ;Lab3_Slave2.c: 107:     TRISD = 0;
   747     00F3  0188               	clrf	8	;volatile
   748     00F4                     l986:
   749                           
   750                           ;Lab3_Slave2.c: 109:     PORTB = 0;
   751     00F4  1283               	bcf	3,5	;RP0=0, select bank0
   752     00F5  1303               	bcf	3,6	;RP1=0, select bank0
   753     00F6  0186               	clrf	6	;volatile
   754     00F7                     l988:
   755                           
   756                           ;Lab3_Slave2.c: 110:     PORTD = 0;
   757     00F7  0188               	clrf	8	;volatile
   758     00F8                     l990:
   759                           
   760                           ;Lab3_Slave2.c: 112:     INTCONbits.GIE = 1;
   761     00F8  178B               	bsf	11,7	;volatile
   762     00F9                     l992:
   763                           
   764                           ;Lab3_Slave2.c: 113:     INTCONbits.PEIE = 1;
   765     00F9  170B               	bsf	11,6	;volatile
   766     00FA                     l994:
   767                           
   768                           ;Lab3_Slave2.c: 114:     PIR1bits.SSPIF = 0;
   769     00FA  118C               	bcf	12,3	;volatile
   770     00FB                     l996:
   771                           
   772                           ;Lab3_Slave2.c: 115:     PIE1bits.SSPIE = 1;
   773     00FB  1683               	bsf	3,5	;RP0=1, select bank1
   774     00FC  1303               	bcf	3,6	;RP1=0, select bank1
   775     00FD  158C               	bsf	12,3	;volatile
   776     00FE                     l998:
   777                           
   778                           ;Lab3_Slave2.c: 116:     TRISAbits.TRISA5 = 1;
   779     00FE  1685               	bsf	5,5	;volatile
   780     00FF                     l1000:
   781                           
   782                           ;Lab3_Slave2.c: 117:     spiInit(SPI_SLAVE_SS_EN, SPI_DATA_SAMPLE_MIDDLE, SPI_CLOCK_IDLE
      +                          _LOW, SPI_IDLE_2_ACTIVE);
   783     00FF  1283               	bcf	3,5	;RP0=0, select bank0
   784     0100  1303               	bcf	3,6	;RP1=0, select bank0
   785     0101  01A0               	clrf	spiInit@sDataSample
   786     0102  01A1               	clrf	spiInit@sClockIdle
   787     0103  01A2               	clrf	spiInit@sTransmitEdge
   788     0104  3024               	movlw	36
   789     0105  120A  118A  2132  120A  118A  	fcall	_spiInit
   790     010A                     l72:
   791     010A  0008               	return
   792     010B                     __end_of_setup:
   793                           
   794                           	psect	text2
   795     0132                     __ptext2:	
   796 ;; *************** function _spiInit *****************
   797 ;; Defined at:
   798 ;;		line 12 in file "SPI.c"
   799 ;; Parameters:    Size  Location     Type
   800 ;;  sType           1    wreg     enum E1292
   801 ;;  sDataSample     1    0[BANK0 ] enum E1300
   802 ;;  sClockIdle      1    1[BANK0 ] enum E1304
   803 ;;  sTransmitEdg    1    2[BANK0 ] enum E1308
   804 ;; Auto vars:     Size  Location     Type
   805 ;;  sType           1    3[BANK0 ] enum E1292
   806 ;; Return value:  Size  Location     Type
   807 ;;                  1    wreg      void 
   808 ;; Registers used:
   809 ;;		wreg, status,2, status,0
   810 ;; Tracked objects:
   811 ;;		On entry : 0/0
   812 ;;		On exit  : 0/0
   813 ;;		Unchanged: 0/0
   814 ;; Data sizes:     COMMON   BANK0   BANK1   BANK3   BANK2
   815 ;;      Params:         0       3       0       0       0
   816 ;;      Locals:         0       1       0       0       0
   817 ;;      Temps:          0       0       0       0       0
   818 ;;      Totals:         0       4       0       0       0
   819 ;;Total ram usage:        4 bytes
   820 ;; Hardware stack levels used: 1
   821 ;; Hardware stack levels required when called: 3
   822 ;; This function calls:
   823 ;;		Nothing
   824 ;; This function is called by:
   825 ;;		_setup
   826 ;; This function uses a non-reentrant model
   827 ;;
   828                           
   829     0132                     _spiInit:	
   830                           ;psect for function _spiInit
   831                           
   832                           
   833                           ;incstack = 0
   834                           ; Regs used in _spiInit: [wreg+status,2+status,0]
   835                           ;spiInit@sType stored from wreg
   836     0132  1283               	bcf	3,5	;RP0=0, select bank0
   837     0133  1303               	bcf	3,6	;RP1=0, select bank0
   838     0134  00A3               	movwf	spiInit@sType
   839     0135                     l958:
   840                           
   841                           ;SPI.c: 12: void spiInit(Spi_Type sType, Spi_Data_Sample sDataSample, Spi_Clock_Idle sCl
      +                          ockIdle, Spi_Transmit_Edge sTransmitEdge);SPI.c: 13: {;SPI.c: 14:     TRISC5 = 0;
   842     0135  1683               	bsf	3,5	;RP0=1, select bank1
   843     0136  1303               	bcf	3,6	;RP1=0, select bank1
   844     0137  1287               	bcf	7,5	;volatile
   845                           
   846                           ;SPI.c: 15:     if(sType & 0b00000100)
   847     0138  1283               	bcf	3,5	;RP0=0, select bank0
   848     0139  1303               	bcf	3,6	;RP1=0, select bank0
   849     013A  1D23               	btfss	spiInit@sType,2
   850     013B  293D               	goto	u141
   851     013C  293E               	goto	u140
   852     013D                     u141:
   853     013D  2944               	goto	l964
   854     013E                     u140:
   855     013E                     l960:
   856                           
   857                           ;SPI.c: 16:     {;SPI.c: 17:         SSPSTAT = sTransmitEdge;
   858     013E  0822               	movf	spiInit@sTransmitEdge,w
   859     013F  1683               	bsf	3,5	;RP0=1, select bank1
   860     0140  1303               	bcf	3,6	;RP1=0, select bank1
   861     0141  0094               	movwf	20	;volatile
   862     0142                     l962:
   863                           
   864                           ;SPI.c: 18:         TRISC3 = 1;
   865     0142  1587               	bsf	7,3	;volatile
   866                           
   867                           ;SPI.c: 19:     }
   868     0143  294A               	goto	l116
   869     0144                     l964:
   870                           
   871                           ;SPI.c: 21:     {;SPI.c: 22:         SSPSTAT = sDataSample | sTransmitEdge;
   872     0144  0820               	movf	spiInit@sDataSample,w
   873     0145  0422               	iorwf	spiInit@sTransmitEdge,w
   874     0146  1683               	bsf	3,5	;RP0=1, select bank1
   875     0147  1303               	bcf	3,6	;RP1=0, select bank1
   876     0148  0094               	movwf	20	;volatile
   877     0149                     l966:
   878                           
   879                           ;SPI.c: 23:         TRISC3 = 0;
   880     0149  1187               	bcf	7,3	;volatile
   881     014A                     l116:	
   882                           ;SPI.c: 24:     }
   883                           
   884                           
   885                           ;SPI.c: 26:     SSPCON = sType | sClockIdle;
   886     014A  1283               	bcf	3,5	;RP0=0, select bank0
   887     014B  1303               	bcf	3,6	;RP1=0, select bank0
   888     014C  0823               	movf	spiInit@sType,w
   889     014D  0421               	iorwf	spiInit@sClockIdle,w
   890     014E  0094               	movwf	20	;volatile
   891     014F                     l117:
   892     014F  0008               	return
   893     0150                     __end_of_spiInit:
   894                           
   895                           	psect	text3
   896     010B                     __ptext3:	
   897 ;; *************** function _adc_init *****************
   898 ;; Defined at:
   899 ;;		line 6 in file "ADC.c"
   900 ;; Parameters:    Size  Location     Type
   901 ;;  channel         2    0[BANK0 ] int 
   902 ;; Auto vars:     Size  Location     Type
   903 ;;		None
   904 ;; Return value:  Size  Location     Type
   905 ;;                  1    wreg      void 
   906 ;; Registers used:
   907 ;;		wreg, status,2, status,0
   908 ;; Tracked objects:
   909 ;;		On entry : 0/0
   910 ;;		On exit  : 0/0
   911 ;;		Unchanged: 0/0
   912 ;; Data sizes:     COMMON   BANK0   BANK1   BANK3   BANK2
   913 ;;      Params:         0       2       0       0       0
   914 ;;      Locals:         0       0       0       0       0
   915 ;;      Temps:          0       1       0       0       0
   916 ;;      Totals:         0       3       0       0       0
   917 ;;Total ram usage:        3 bytes
   918 ;; Hardware stack levels used: 1
   919 ;; Hardware stack levels required when called: 3
   920 ;; This function calls:
   921 ;;		Nothing
   922 ;; This function is called by:
   923 ;;		_setup
   924 ;; This function uses a non-reentrant model
   925 ;;
   926                           
   927     010B                     _adc_init:	
   928                           ;psect for function _adc_init
   929                           
   930     010B                     l850:	
   931                           ;incstack = 0
   932                           ; Regs used in _adc_init: [wreg+status,2+status,0]
   933                           
   934                           
   935                           ;ADC.c: 8:     ADCON0bits.ADCS = 0b01;
   936     010B  1283               	bcf	3,5	;RP0=0, select bank0
   937     010C  1303               	bcf	3,6	;RP1=0, select bank0
   938     010D  081F               	movf	31,w	;volatile
   939     010E  393F               	andlw	-193
   940     010F  3840               	iorlw	64
   941     0110  009F               	movwf	31	;volatile
   942     0111                     l852:
   943                           
   944                           ;ADC.c: 9:     ADCON1bits.VCFG0 = 0;
   945     0111  1683               	bsf	3,5	;RP0=1, select bank1
   946     0112  1303               	bcf	3,6	;RP1=0, select bank1
   947     0113  121F               	bcf	31,4	;volatile
   948     0114                     l854:
   949                           
   950                           ;ADC.c: 10:     ADCON1bits.VCFG1 = 0;
   951     0114  129F               	bcf	31,5	;volatile
   952                           
   953                           ;ADC.c: 11:     ADCON0bits.CHS = channel;
   954     0115  1283               	bcf	3,5	;RP0=0, select bank0
   955     0116  1303               	bcf	3,6	;RP1=0, select bank0
   956     0117  0820               	movf	adc_init@channel,w
   957     0118  00A2               	movwf	??_adc_init
   958     0119  0DA2               	rlf	??_adc_init,f
   959     011A  0DA2               	rlf	??_adc_init,f
   960     011B  081F               	movf	31,w	;volatile
   961     011C  0622               	xorwf	??_adc_init,w
   962     011D  39C3               	andlw	-61
   963     011E  0622               	xorwf	??_adc_init,w
   964     011F  009F               	movwf	31	;volatile
   965     0120                     l856:
   966                           
   967                           ;ADC.c: 14:     ADCON1bits.ADFM = 0;
   968     0120  1683               	bsf	3,5	;RP0=1, select bank1
   969     0121  1303               	bcf	3,6	;RP1=0, select bank1
   970     0122  139F               	bcf	31,7	;volatile
   971     0123                     l858:
   972                           
   973                           ;ADC.c: 15:     _delay((unsigned long)((50)*(4000000/4000000.0)));
   974     0123  300F               	movlw	15
   975     0124  1283               	bcf	3,5	;RP0=0, select bank0
   976     0125  1303               	bcf	3,6	;RP1=0, select bank0
   977     0126  00A2               	movwf	??_adc_init
   978     0127                     u177:
   979     0127  0BA2               	decfsz	??_adc_init,f
   980     0128  2927               	goto	u177
   981     0129  292A               	nop2
   982     012A                     l860:
   983                           
   984                           ;ADC.c: 16:     ADCON0bits.ADON = 1;
   985     012A  1283               	bcf	3,5	;RP0=0, select bank0
   986     012B  1303               	bcf	3,6	;RP1=0, select bank0
   987     012C  141F               	bsf	31,0	;volatile
   988     012D                     l862:
   989                           
   990                           ;ADC.c: 17:     PIR1bits.ADIF = 0;
   991     012D  130C               	bcf	12,6	;volatile
   992     012E                     l864:
   993                           
   994                           ;ADC.c: 18:     PIE1bits.ADIE = 1;
   995     012E  1683               	bsf	3,5	;RP0=1, select bank1
   996     012F  1303               	bcf	3,6	;RP1=0, select bank1
   997     0130  170C               	bsf	12,6	;volatile
   998     0131                     l87:
   999     0131  0008               	return
  1000     0132                     __end_of_adc_init:
  1001                           
  1002                           	psect	text4
  1003     006F                     __ptext4:	
  1004 ;; *************** function _adc_change_channel *****************
  1005 ;; Defined at:
  1006 ;;		line 25 in file "ADC.c"
  1007 ;; Parameters:    Size  Location     Type
  1008 ;;  channel         1    wreg     PTR const int 
  1009 ;;		 -> channels(4), 
  1010 ;;  length          2    0[BANK0 ] int 
  1011 ;; Auto vars:     Size  Location     Type
  1012 ;;  channel         1    5[BANK0 ] PTR const int 
  1013 ;;		 -> channels(4), 
  1014 ;; Return value:  Size  Location     Type
  1015 ;;                  1    wreg      void 
  1016 ;; Registers used:
  1017 ;;		wreg, fsr0l, fsr0h, status,2, status,0
  1018 ;; Tracked objects:
  1019 ;;		On entry : 0/0
  1020 ;;		On exit  : 0/0
  1021 ;;		Unchanged: 0/0
  1022 ;; Data sizes:     COMMON   BANK0   BANK1   BANK3   BANK2
  1023 ;;      Params:         0       2       0       0       0
  1024 ;;      Locals:         0       1       0       0       0
  1025 ;;      Temps:          0       3       0       0       0
  1026 ;;      Totals:         0       6       0       0       0
  1027 ;;Total ram usage:        6 bytes
  1028 ;; Hardware stack levels used: 1
  1029 ;; Hardware stack levels required when called: 3
  1030 ;; This function calls:
  1031 ;;		Nothing
  1032 ;; This function is called by:
  1033 ;;		_main
  1034 ;; This function uses a non-reentrant model
  1035 ;;
  1036                           
  1037     006F                     _adc_change_channel:	
  1038                           ;psect for function _adc_change_channel
  1039                           
  1040                           
  1041                           ;incstack = 0
  1042                           ; Regs used in _adc_change_channel: [wreg-fsr0h+status,2+status,0]
  1043                           ;adc_change_channel@channel stored from wreg
  1044     006F  1283               	bcf	3,5	;RP0=0, select bank0
  1045     0070  1303               	bcf	3,6	;RP1=0, select bank0
  1046     0071  00A5               	movwf	adc_change_channel@channel
  1047     0072                     l918:
  1048                           
  1049                           ;ADC.c: 26:     static int temp_channel = 0;;ADC.c: 28:     if (ADCON0bits.GO == 0) {
  1050     0072  189F               	btfsc	31,1	;volatile
  1051     0073  2875               	goto	u91
  1052     0074  2876               	goto	u90
  1053     0075                     u91:
  1054     0075  28AB               	goto	l97
  1055     0076                     u90:
  1056     0076                     l920:
  1057                           
  1058                           ;ADC.c: 29:         temp_channel++;
  1059     0076  3001               	movlw	1
  1060     0077  07AD               	addwf	adc_change_channel@temp_channel,f
  1061     0078  1803               	skipnc
  1062     0079  0AAE               	incf	adc_change_channel@temp_channel+1,f
  1063     007A  3000               	movlw	0
  1064     007B  07AE               	addwf	adc_change_channel@temp_channel+1,f
  1065                           
  1066                           ;ADC.c: 30:         if (temp_channel >= length) {
  1067     007C  082E               	movf	adc_change_channel@temp_channel+1,w
  1068     007D  3A80               	xorlw	128
  1069     007E  00A2               	movwf	??_adc_change_channel
  1070     007F  0821               	movf	adc_change_channel@length+1,w
  1071     0080  3A80               	xorlw	128
  1072     0081  0222               	subwf	??_adc_change_channel,w
  1073     0082  1D03               	skipz
  1074     0083  2886               	goto	u105
  1075     0084  0820               	movf	adc_change_channel@length,w
  1076     0085  022D               	subwf	adc_change_channel@temp_channel,w
  1077     0086                     u105:
  1078     0086  1C03               	skipc
  1079     0087  2889               	goto	u101
  1080     0088  288A               	goto	u100
  1081     0089                     u101:
  1082     0089  288E               	goto	l924
  1083     008A                     u100:
  1084     008A                     l922:
  1085                           
  1086                           ;ADC.c: 31:             temp_channel = 0;
  1087     008A  1283               	bcf	3,5	;RP0=0, select bank0
  1088     008B  1303               	bcf	3,6	;RP1=0, select bank0
  1089     008C  01AD               	clrf	adc_change_channel@temp_channel
  1090     008D  01AE               	clrf	adc_change_channel@temp_channel+1
  1091     008E                     l924:
  1092                           
  1093                           ;ADC.c: 34:         ADCON0bits.CHS = channel[temp_channel];
  1094     008E  1283               	bcf	3,5	;RP0=0, select bank0
  1095     008F  1303               	bcf	3,6	;RP1=0, select bank0
  1096     0090  082D               	movf	adc_change_channel@temp_channel,w
  1097     0091  00A2               	movwf	??_adc_change_channel
  1098     0092  0722               	addwf	??_adc_change_channel,w
  1099     0093  0725               	addwf	adc_change_channel@channel,w
  1100     0094  00A3               	movwf	??_adc_change_channel+1
  1101     0095  0823               	movf	??_adc_change_channel+1,w
  1102     0096  0084               	movwf	4
  1103     0097  1383               	bcf	3,7	;select IRP bank0
  1104     0098  0800               	movf	0,w
  1105     0099  00A4               	movwf	??_adc_change_channel+2
  1106     009A  0DA4               	rlf	??_adc_change_channel+2,f
  1107     009B  0DA4               	rlf	??_adc_change_channel+2,f
  1108     009C  081F               	movf	31,w	;volatile
  1109     009D  0624               	xorwf	??_adc_change_channel+2,w
  1110     009E  39C3               	andlw	-61
  1111     009F  0624               	xorwf	??_adc_change_channel+2,w
  1112     00A0  009F               	movwf	31	;volatile
  1113     00A1                     l926:
  1114                           
  1115                           ;ADC.c: 35:         _delay((unsigned long)((100)*(4000000/4000000.0)));
  1116     00A1  3020               	movlw	32
  1117     00A2  1283               	bcf	3,5	;RP0=0, select bank0
  1118     00A3  1303               	bcf	3,6	;RP1=0, select bank0
  1119     00A4  00A2               	movwf	??_adc_change_channel
  1120     00A5                     u187:
  1121     00A5  0BA2               	decfsz	??_adc_change_channel,f
  1122     00A6  28A5               	goto	u187
  1123     00A7  0000               	nop
  1124     00A8                     l928:
  1125                           
  1126                           ;ADC.c: 36:         ADCON0bits.GO = 1;
  1127     00A8  1283               	bcf	3,5	;RP0=0, select bank0
  1128     00A9  1303               	bcf	3,6	;RP1=0, select bank0
  1129     00AA  149F               	bsf	31,1	;volatile
  1130     00AB                     l97:
  1131     00AB  0008               	return
  1132     00AC                     __end_of_adc_change_channel:
  1133                           
  1134                           	psect	text5
  1135     0030                     __ptext5:	
  1136 ;; *************** function _isr *****************
  1137 ;; Defined at:
  1138 ;;		line 57 in file "Lab3_Slave2.c"
  1139 ;; Parameters:    Size  Location     Type
  1140 ;;		None
  1141 ;; Auto vars:     Size  Location     Type
  1142 ;;		None
  1143 ;; Return value:  Size  Location     Type
  1144 ;;                  1    wreg      void 
  1145 ;; Registers used:
  1146 ;;		wreg, status,2, status,0, pclath, cstack
  1147 ;; Tracked objects:
  1148 ;;		On entry : 0/0
  1149 ;;		On exit  : 0/0
  1150 ;;		Unchanged: 0/0
  1151 ;; Data sizes:     COMMON   BANK0   BANK1   BANK3   BANK2
  1152 ;;      Params:         0       0       0       0       0
  1153 ;;      Locals:         0       0       0       0       0
  1154 ;;      Temps:          2       0       0       0       0
  1155 ;;      Totals:         2       0       0       0       0
  1156 ;;Total ram usage:        2 bytes
  1157 ;; Hardware stack levels used: 1
  1158 ;; Hardware stack levels required when called: 2
  1159 ;; This function calls:
  1160 ;;		_adc_get_channel
  1161 ;;		_adc_read
  1162 ;;		_spiRead
  1163 ;;		_spiWrite
  1164 ;; This function is called by:
  1165 ;;		Interrupt level 1
  1166 ;; This function uses a non-reentrant model
  1167 ;;
  1168                           
  1169     0030                     _isr:	
  1170                           ;psect for function _isr
  1171                           
  1172     0030                     i1l930:
  1173                           
  1174                           ;Lab3_Slave2.c: 58:    if(SSPIF == 1){
  1175     0030  1283               	bcf	3,5	;RP0=0, select bank0
  1176     0031  1303               	bcf	3,6	;RP1=0, select bank0
  1177     0032  1D8C               	btfss	12,3	;volatile
  1178     0033  2835               	goto	u11_21
  1179     0034  2836               	goto	u11_20
  1180     0035                     u11_21:
  1181     0035  2847               	goto	i1l936
  1182     0036                     u11_20:
  1183     0036                     i1l932:
  1184                           
  1185                           ;Lab3_Slave2.c: 59:         PORTD = spiRead();
  1186     0036  120A  118A  2167  120A  118A  	fcall	_spiRead
  1187     003B  1283               	bcf	3,5	;RP0=0, select bank0
  1188     003C  1303               	bcf	3,6	;RP1=0, select bank0
  1189     003D  0088               	movwf	8	;volatile
  1190                           
  1191                           ;Lab3_Slave2.c: 60:         spiWrite(numero);
  1192     003E  0878               	movf	_numero,w
  1193     003F  120A  118A  2177  120A  118A  	fcall	_spiWrite
  1194     0044                     i1l934:
  1195                           
  1196                           ;Lab3_Slave2.c: 61:         SSPIF = 0;
  1197     0044  1283               	bcf	3,5	;RP0=0, select bank0
  1198     0045  1303               	bcf	3,6	;RP1=0, select bank0
  1199     0046  118C               	bcf	12,3	;volatile
  1200     0047                     i1l936:
  1201                           
  1202                           ;Lab3_Slave2.c: 63:    if(PIR1bits.ADIF){
  1203     0047  1F0C               	btfss	12,6	;volatile
  1204     0048  284A               	goto	u12_21
  1205     0049  284B               	goto	u12_20
  1206     004A                     u12_21:
  1207     004A  2868               	goto	i1l61
  1208     004B                     u12_20:
  1209     004B                     i1l938:
  1210                           
  1211                           ;Lab3_Slave2.c: 64:         if(adc_get_channel() == 0){
  1212     004B  120A  118A  2150  120A  118A  	fcall	_adc_get_channel
  1213     0050  0870               	movf	?_adc_get_channel,w
  1214     0051  0471               	iorwf	?_adc_get_channel+1,w
  1215     0052  1D03               	btfss	3,2
  1216     0053  2855               	goto	u13_21
  1217     0054  2856               	goto	u13_20
  1218     0055                     u13_21:
  1219     0055  285E               	goto	i1l942
  1220     0056                     u13_20:
  1221     0056                     i1l940:
  1222                           
  1223                           ;Lab3_Slave2.c: 65:             numero = adc_read();
  1224     0056  120A  118A  215D  120A  118A  	fcall	_adc_read
  1225     005B  0870               	movf	?_adc_read,w
  1226     005C  00F8               	movwf	_numero
  1227                           
  1228                           ;Lab3_Slave2.c: 68:         }
  1229     005D  2865               	goto	i1l944
  1230     005E                     i1l942:
  1231                           
  1232                           ;Lab3_Slave2.c: 71:             numero2 = adc_read();
  1233     005E  120A  118A  215D  120A  118A  	fcall	_adc_read
  1234     0063  0870               	movf	?_adc_read,w
  1235     0064  00F7               	movwf	_numero2
  1236     0065                     i1l944:
  1237                           
  1238                           ;Lab3_Slave2.c: 72:             PIR1bits.ADIF = 0;
  1239     0065  1283               	bcf	3,5	;RP0=0, select bank0
  1240     0066  1303               	bcf	3,6	;RP1=0, select bank0
  1241     0067  130C               	bcf	12,6	;volatile
  1242     0068                     i1l61:
  1243     0068  0876               	movf	??_isr+1,w
  1244     0069  008A               	movwf	10
  1245     006A  0E75               	swapf	??_isr,w
  1246     006B  0083               	movwf	3
  1247     006C  0EFE               	swapf	btemp,f
  1248     006D  0E7E               	swapf	btemp,w
  1249     006E  0009               	retfie
  1250     006F                     __end_of_isr:
  1251                           
  1252                           	psect	intentry
  1253     0004                     __pintentry:	
  1254                           ;incstack = 0
  1255                           ; Regs used in _isr: [wreg+status,2+status,0+pclath+cstack]
  1256                           
  1257     0004                     interrupt_function:
  1258     007E                     saved_w	set	btemp
  1259     0004  00FE               	movwf	btemp
  1260     0005  0E03               	swapf	3,w
  1261     0006  00F5               	movwf	??_isr
  1262     0007  080A               	movf	10,w
  1263     0008  00F6               	movwf	??_isr+1
  1264     0009  120A  118A  2830   	ljmp	_isr
  1265                           
  1266                           	psect	text6
  1267     0177                     __ptext6:	
  1268 ;; *************** function _spiWrite *****************
  1269 ;; Defined at:
  1270 ;;		line 34 in file "SPI.c"
  1271 ;; Parameters:    Size  Location     Type
  1272 ;;  dat             1    wreg     unsigned char 
  1273 ;; Auto vars:     Size  Location     Type
  1274 ;;  dat             1    0[COMMON] unsigned char 
  1275 ;; Return value:  Size  Location     Type
  1276 ;;                  1    wreg      void 
  1277 ;; Registers used:
  1278 ;;		wreg
  1279 ;; Tracked objects:
  1280 ;;		On entry : 0/0
  1281 ;;		On exit  : 0/0
  1282 ;;		Unchanged: 0/0
  1283 ;; Data sizes:     COMMON   BANK0   BANK1   BANK3   BANK2
  1284 ;;      Params:         0       0       0       0       0
  1285 ;;      Locals:         1       0       0       0       0
  1286 ;;      Temps:          0       0       0       0       0
  1287 ;;      Totals:         1       0       0       0       0
  1288 ;;Total ram usage:        1 bytes
  1289 ;; Hardware stack levels used: 1
  1290 ;; This function calls:
  1291 ;;		Nothing
  1292 ;; This function is called by:
  1293 ;;		_isr
  1294 ;; This function uses a non-reentrant model
  1295 ;;
  1296                           
  1297     0177                     _spiWrite:	
  1298                           ;psect for function _spiWrite
  1299                           
  1300                           
  1301                           ;incstack = 0
  1302                           ; Regs used in _spiWrite: [wreg]
  1303                           ;spiWrite@dat stored from wreg
  1304     0177  00F0               	movwf	spiWrite@dat
  1305     0178                     i1l760:
  1306                           
  1307                           ;SPI.c: 34: void spiWrite(char dat);SPI.c: 35: {;SPI.c: 36:     SSPBUF = dat;
  1308     0178  0870               	movf	spiWrite@dat,w
  1309     0179  1283               	bcf	3,5	;RP0=0, select bank0
  1310     017A  1303               	bcf	3,6	;RP1=0, select bank0
  1311     017B  0093               	movwf	19	;volatile
  1312     017C                     i1l126:
  1313     017C  0008               	return
  1314     017D                     __end_of_spiWrite:
  1315                           
  1316                           	psect	text7
  1317     0167                     __ptext7:	
  1318 ;; *************** function _spiRead *****************
  1319 ;; Defined at:
  1320 ;;		line 47 in file "SPI.c"
  1321 ;; Parameters:    Size  Location     Type
  1322 ;;		None
  1323 ;; Auto vars:     Size  Location     Type
  1324 ;;		None
  1325 ;; Return value:  Size  Location     Type
  1326 ;;                  1    wreg      unsigned char 
  1327 ;; Registers used:
  1328 ;;		wreg, status,2, status,0, pclath, cstack
  1329 ;; Tracked objects:
  1330 ;;		On entry : 0/0
  1331 ;;		On exit  : 0/0
  1332 ;;		Unchanged: 0/0
  1333 ;; Data sizes:     COMMON   BANK0   BANK1   BANK3   BANK2
  1334 ;;      Params:         0       0       0       0       0
  1335 ;;      Locals:         0       0       0       0       0
  1336 ;;      Temps:          0       0       0       0       0
  1337 ;;      Totals:         0       0       0       0       0
  1338 ;;Total ram usage:        0 bytes
  1339 ;; Hardware stack levels used: 1
  1340 ;; Hardware stack levels required when called: 1
  1341 ;; This function calls:
  1342 ;;		_spiReceiveWait
  1343 ;; This function is called by:
  1344 ;;		_isr
  1345 ;; This function uses a non-reentrant model
  1346 ;;
  1347                           
  1348     0167                     _spiRead:	
  1349                           ;psect for function _spiRead
  1350                           
  1351     0167                     i1l754:	
  1352                           ;incstack = 0
  1353                           ; Regs used in _spiRead: [wreg+status,2+status,0+pclath+cstack]
  1354                           
  1355                           
  1356                           ;SPI.c: 49:     spiReceiveWait();
  1357     0167  120A  118A  2170  120A  118A  	fcall	_spiReceiveWait
  1358     016C                     i1l756:
  1359                           
  1360                           ;SPI.c: 50:     return(SSPBUF);
  1361     016C  1283               	bcf	3,5	;RP0=0, select bank0
  1362     016D  1303               	bcf	3,6	;RP1=0, select bank0
  1363     016E  0813               	movf	19,w	;volatile
  1364     016F                     i1l134:
  1365     016F  0008               	return
  1366     0170                     __end_of_spiRead:
  1367                           
  1368                           	psect	text8
  1369     0170                     __ptext8:	
  1370 ;; *************** function _spiReceiveWait *****************
  1371 ;; Defined at:
  1372 ;;		line 29 in file "SPI.c"
  1373 ;; Parameters:    Size  Location     Type
  1374 ;;		None
  1375 ;; Auto vars:     Size  Location     Type
  1376 ;;		None
  1377 ;; Return value:  Size  Location     Type
  1378 ;;                  1    wreg      void 
  1379 ;; Registers used:
  1380 ;;		None
  1381 ;; Tracked objects:
  1382 ;;		On entry : 0/0
  1383 ;;		On exit  : 0/0
  1384 ;;		Unchanged: 0/0
  1385 ;; Data sizes:     COMMON   BANK0   BANK1   BANK3   BANK2
  1386 ;;      Params:         0       0       0       0       0
  1387 ;;      Locals:         0       0       0       0       0
  1388 ;;      Temps:          0       0       0       0       0
  1389 ;;      Totals:         0       0       0       0       0
  1390 ;;Total ram usage:        0 bytes
  1391 ;; Hardware stack levels used: 1
  1392 ;; This function calls:
  1393 ;;		Nothing
  1394 ;; This function is called by:
  1395 ;;		_spiRead
  1396 ;; This function uses a non-reentrant model
  1397 ;;
  1398                           
  1399     0170                     _spiReceiveWait:	
  1400                           ;psect for function _spiReceiveWait
  1401                           
  1402     0170                     i1l752:	
  1403                           ;incstack = 0
  1404                           ; Regs used in _spiReceiveWait: []
  1405                           
  1406     0170                     i1l120:	
  1407                           ;SPI.c: 31:     while ( !SSPSTATbits.BF );
  1408                           
  1409     0170  1683               	bsf	3,5	;RP0=1, select bank1
  1410     0171  1303               	bcf	3,6	;RP1=0, select bank1
  1411     0172  1C14               	btfss	20,0	;volatile
  1412     0173  2975               	goto	u2_21
  1413     0174  2976               	goto	u2_20
  1414     0175                     u2_21:
  1415     0175  2970               	goto	i1l120
  1416     0176                     u2_20:
  1417     0176                     i1l123:
  1418     0176  0008               	return
  1419     0177                     __end_of_spiReceiveWait:
  1420                           
  1421                           	psect	text9
  1422     015D                     __ptext9:	
  1423 ;; *************** function _adc_read *****************
  1424 ;; Defined at:
  1425 ;;		line 21 in file "ADC.c"
  1426 ;; Parameters:    Size  Location     Type
  1427 ;;		None
  1428 ;; Auto vars:     Size  Location     Type
  1429 ;;		None
  1430 ;; Return value:  Size  Location     Type
  1431 ;;                  2    0[COMMON] int 
  1432 ;; Registers used:
  1433 ;;		wreg
  1434 ;; Tracked objects:
  1435 ;;		On entry : 0/0
  1436 ;;		On exit  : 0/0
  1437 ;;		Unchanged: 0/0
  1438 ;; Data sizes:     COMMON   BANK0   BANK1   BANK3   BANK2
  1439 ;;      Params:         2       0       0       0       0
  1440 ;;      Locals:         0       0       0       0       0
  1441 ;;      Temps:          2       0       0       0       0
  1442 ;;      Totals:         4       0       0       0       0
  1443 ;;Total ram usage:        4 bytes
  1444 ;; Hardware stack levels used: 1
  1445 ;; This function calls:
  1446 ;;		Nothing
  1447 ;; This function is called by:
  1448 ;;		_isr
  1449 ;; This function uses a non-reentrant model
  1450 ;;
  1451                           
  1452     015D                     _adc_read:	
  1453                           ;psect for function _adc_read
  1454                           
  1455     015D                     i1l880:	
  1456                           ;incstack = 0
  1457                           ; Regs used in _adc_read: [wreg]
  1458                           
  1459                           
  1460                           ;ADC.c: 22:     return ADRESH;
  1461     015D  1283               	bcf	3,5	;RP0=0, select bank0
  1462     015E  1303               	bcf	3,6	;RP1=0, select bank0
  1463     015F  081E               	movf	30,w	;volatile
  1464     0160  00F2               	movwf	??_adc_read
  1465     0161  01F3               	clrf	??_adc_read+1
  1466     0162  0872               	movf	??_adc_read,w
  1467     0163  00F0               	movwf	?_adc_read
  1468     0164  0873               	movf	??_adc_read+1,w
  1469     0165  00F1               	movwf	?_adc_read+1
  1470     0166                     i1l90:
  1471     0166  0008               	return
  1472     0167                     __end_of_adc_read:
  1473                           
  1474                           	psect	text10
  1475     0150                     __ptext10:	
  1476 ;; *************** function _adc_get_channel *****************
  1477 ;; Defined at:
  1478 ;;		line 40 in file "ADC.c"
  1479 ;; Parameters:    Size  Location     Type
  1480 ;;		None
  1481 ;; Auto vars:     Size  Location     Type
  1482 ;;		None
  1483 ;; Return value:  Size  Location     Type
  1484 ;;                  2    0[COMMON] int 
  1485 ;; Registers used:
  1486 ;;		wreg, status,2, status,0
  1487 ;; Tracked objects:
  1488 ;;		On entry : 0/0
  1489 ;;		On exit  : 0/0
  1490 ;;		Unchanged: 0/0
  1491 ;; Data sizes:     COMMON   BANK0   BANK1   BANK3   BANK2
  1492 ;;      Params:         2       0       0       0       0
  1493 ;;      Locals:         0       0       0       0       0
  1494 ;;      Temps:          3       0       0       0       0
  1495 ;;      Totals:         5       0       0       0       0
  1496 ;;Total ram usage:        5 bytes
  1497 ;; Hardware stack levels used: 1
  1498 ;; This function calls:
  1499 ;;		Nothing
  1500 ;; This function is called by:
  1501 ;;		_isr
  1502 ;; This function uses a non-reentrant model
  1503 ;;
  1504                           
  1505     0150                     _adc_get_channel:	
  1506                           ;psect for function _adc_get_channel
  1507                           
  1508     0150                     i1l876:	
  1509                           ;incstack = 0
  1510                           ; Regs used in _adc_get_channel: [wreg+status,2+status,0]
  1511                           
  1512                           
  1513                           ;ADC.c: 41:     return ADCON0bits.CHS;
  1514     0150  1283               	bcf	3,5	;RP0=0, select bank0
  1515     0151  1303               	bcf	3,6	;RP1=0, select bank0
  1516     0152  0C1F               	rrf	31,w	;volatile
  1517     0153  00F2               	movwf	??_adc_get_channel
  1518     0154  0C72               	rrf	??_adc_get_channel,w
  1519     0155  390F               	andlw	15
  1520     0156  00F3               	movwf	??_adc_get_channel+1
  1521     0157  01F4               	clrf	??_adc_get_channel+2
  1522     0158  0873               	movf	??_adc_get_channel+1,w
  1523     0159  00F0               	movwf	?_adc_get_channel
  1524     015A  0874               	movf	??_adc_get_channel+2,w
  1525     015B  00F1               	movwf	?_adc_get_channel+1
  1526     015C                     i1l100:
  1527     015C  0008               	return
  1528     015D                     __end_of_adc_get_channel:
  1529     007E                     btemp	set	126	;btemp
  1530     007E                     wtemp0	set	126
  1531                           
  1532                           	psect	idloc
  1533                           
  1534                           ;Config register IDLOC0 @ 0x2000
  1535                           ;	unspecified, using default values
  1536     2000                     	org	8192
  1537     2000  3FFF               	dw	16383
  1538                           
  1539                           ;Config register IDLOC1 @ 0x2001
  1540                           ;	unspecified, using default values
  1541     2001                     	org	8193
  1542     2001  3FFF               	dw	16383
  1543                           
  1544                           ;Config register IDLOC2 @ 0x2002
  1545                           ;	unspecified, using default values
  1546     2002                     	org	8194
  1547     2002  3FFF               	dw	16383
  1548                           
  1549                           ;Config register IDLOC3 @ 0x2003
  1550                           ;	unspecified, using default values
  1551     2003                     	org	8195
  1552     2003  3FFF               	dw	16383
  1553                           
  1554                           	psect	config
  1555                           
  1556                           ;Config register CONFIG1 @ 0x2007
  1557                           ;	Oscillator Selection bits
  1558                           ;	FOSC = INTRC_NOCLKOUT, INTOSCIO oscillator: I/O function on RA6/OSC2/CLKOUT pin, I/O f
      +                          unction on RA7/OSC1/CLKIN
  1559                           ;	Watchdog Timer Enable bit
  1560                           ;	WDTE = OFF, WDT disabled and can be enabled by SWDTEN bit of the WDTCON register
  1561                           ;	Power-up Timer Enable bit
  1562                           ;	PWRTE = OFF, PWRT disabled
  1563                           ;	RE3/MCLR pin function select bit
  1564                           ;	MCLRE = OFF, RE3/MCLR pin function is digital input, MCLR internally tied to VDD
  1565                           ;	Code Protection bit
  1566                           ;	CP = OFF, Program memory code protection is disabled
  1567                           ;	Data Code Protection bit
  1568                           ;	CPD = OFF, Data memory code protection is disabled
  1569                           ;	Brown Out Reset Selection bits
  1570                           ;	BOREN = OFF, BOR disabled
  1571                           ;	Internal External Switchover bit
  1572                           ;	IESO = OFF, Internal/External Switchover mode is disabled
  1573                           ;	Fail-Safe Clock Monitor Enabled bit
  1574                           ;	FCMEN = OFF, Fail-Safe Clock Monitor is disabled
  1575                           ;	Low Voltage Programming Enable bit
  1576                           ;	LVP = OFF, RB3 pin has digital I/O, HV on MCLR must be used for programming
  1577                           ;	In-Circuit Debugger Mode bit
  1578                           ;	DEBUG = 0x1, unprogramme  1579     2007                     	org	8199
  1580     2007  20D4               	dw	8404
  1581                           
  1582                           ;Config register CONFIG2 @ 0x2008
  1583                           ;	Brown-out Reset Selection bit
  1584                           ;	BOR4V = BOR40V, Brown-out Reset set to 4.0V
  1585                           ;	Flash Program Memory Self Write Enable bits
  1586                           ;	WRT = OFF, Write protection off
  1587     2008                     	org	8200
  1588     2008  3FFF               	dw	16383

Data Sizes:
    Strings     0
    Constant    0
    Data        4
    BSS         5
    Persistent  0
    Stack       0

Auto Spaces:
    Space          Size  Autos    Used
    COMMON           14      7      10
    BANK0            80      9      15
    BANK1            80      0       0
    BANK3            96      0       0
    BANK2            96      0       0

Pointer List with Targets:

    adc_change_channel@channel	PTR const int  size(1) Largest target is 4
		 -> channels(BANK0[4]), 


Critical Paths under _main in COMMON

    None.

Critical Paths under _isr in COMMON

    _isr->_adc_get_channel

Critical Paths under _main in BANK0

    _main->_adc_change_channel
    _setup->_spiInit

Critical Paths under _isr in BANK0

    None.

Critical Paths under _main in BANK1

    None.

Critical Paths under _isr in BANK1

    None.

Critical Paths under _main in BANK3

    None.

Critical Paths under _isr in BANK3

    None.

Critical Paths under _main in BANK2

    None.

Critical Paths under _isr in BANK2

    None.

Call Graph Tables:

 ---------------------------------------------------------------------------------
 (Depth) Function   	        Calls       Base Space   Used Autos Params    Refs
 ---------------------------------------------------------------------------------
 (0) _main                                                 3     3      0     707
                                              6 BANK0      3     3      0
                 _adc_change_channel
                              _setup
 ---------------------------------------------------------------------------------
 (1) _setup                                                0     0      0     554
                           _adc_init
                            _spiInit
 ---------------------------------------------------------------------------------
 (2) _spiInit                                              4     1      3     456
                                              0 BANK0      4     1      3
 ---------------------------------------------------------------------------------
 (2) _adc_init                                             3     1      2      98
                                              0 BANK0      3     1      2
 ---------------------------------------------------------------------------------
 (1) _adc_change_channel                                   6     4      2     153
                                              0 BANK0      6     4      2
 ---------------------------------------------------------------------------------
 Estimated maximum stack depth 2
 ---------------------------------------------------------------------------------
 (Depth) Function   	        Calls       Base Space   Used Autos Params    Refs
 ---------------------------------------------------------------------------------
 (3) _isr                                                  2     2      0      15
                                              5 COMMON     2     2      0
                    _adc_get_channel
                           _adc_read
                            _spiRead
                           _spiWrite
 ---------------------------------------------------------------------------------
 (4) _spiWrite                                             1     1      0      15
                                              0 COMMON     1     1      0
 ---------------------------------------------------------------------------------
 (4) _spiRead                                              0     0      0       0
                     _spiReceiveWait
 ---------------------------------------------------------------------------------
 (5) _spiReceiveWait                                       0     0      0       0
 ---------------------------------------------------------------------------------
 (4) _adc_read                                             4     2      2       0
                                              0 COMMON     4     2      2
 ---------------------------------------------------------------------------------
 (4) _adc_get_channel                                      5     3      2       0
                                              0 COMMON     5     3      2
 ---------------------------------------------------------------------------------
 Estimated maximum stack depth 5
 ---------------------------------------------------------------------------------

 Call Graph Graphs:

 _main (ROOT)
   _adc_change_channel
   _setup
     _adc_init
     _spiInit

 _isr (ROOT)
   _adc_get_channel
   _adc_read
   _spiRead
     _spiReceiveWait
   _spiWrite

 Address spaces:
Name               Size   Autos  Total    Cost      Usage
BANK3               60      0       0       9        0.0%
BITBANK3            60      0       0       8        0.0%
SFR3                 0      0       0       4        0.0%
BITSFR3              0      0       0       4        0.0%
BANK2               60      0       0      11        0.0%
BITBANK2            60      0       0      10        0.0%
SFR2                 0      0       0       5        0.0%
BITSFR2              0      0       0       5        0.0%
BANK1               50      0       0       7        0.0%
BITBANK1            50      0       0       6        0.0%
SFR1                 0      0       0       2        0.0%
BITSFR1              0      0       0       2        0.0%
BANK0               50      9       F       5       18.8%
BITBANK0            50      0       0       4        0.0%
SFR0                 0      0       0       1        0.0%
BITSFR0              0      0       0       1        0.0%
COMMON               E      7       A       1       71.4%
BITCOMMON            E      0       0       0        0.0%
CODE                 0      0       0       0        0.0%
DATA                 0      0      19      12        0.0%
ABS                  0      0      19       3        0.0%
NULL                 0      0       0       0        0.0%
STACK                0      0       0       2        0.0%
EEDATA             100      0       0       0        0.0%


Microchip Technology PIC Macro Assembler V2.40 build 20220703182018 
Symbol Table                                                                                   Tue Aug 01 15:54:44 2023

                   _SSPSTATbits 0094                              l72 010A                              l87 0131  
                            l97 00AB                              u90 0076                              u91 0075  
                           l116 014A                             l117 014F                             l920 0076  
                           l922 008A                             l850 010B                             l924 008E  
                           l860 012A                             l852 0111                             l926 00A1  
                           l918 0072                             l862 012D                             l854 0114  
                           l928 00A8                             l864 012E                             l856 0120  
                           l960 013E                             l858 0123                             l962 0142  
                           l970 00E1                             l964 0144                             l980 00F1  
                           l972 00E2                             l966 0149                             l958 0135  
                           l990 00F8                             l982 00F2                             l974 00EC  
                           l992 00F9                             l984 00F3                             l976 00EF  
                           l968 00DD                             l994 00FA                             l986 00F4  
                           l978 00F0                             l996 00FB                             l988 00F7  
                           l998 00FE                             u100 008A                             u101 0089  
                           u105 0086                             u140 013E                             u141 013D  
                           u157 00B5                             u167 00D3                             u177 0127  
                           u187 00A5                             _isr 0030                             fsr0 0004  
                           indf 0000                            l1000 00FF                            l1010 00C7  
                          l1002 00AC                            l1012 00CB                            l1004 00B1  
                          l1006 00B8                            l1008 00BB                            ?_isr 0070  
                          i1l61 0068                            i1l90 0166                            u2_20 0176  
                          u2_21 0175                            _main 00AC                            btemp 007E  
                          start 000C                           ??_isr 0075                           ?_main 0070  
                         _ANSEL 0188                           i1l100 015C                           i1l120 0170  
                         i1l123 0176                           i1l134 016F                           i1l126 017C  
                         i1l752 0170                           i1l760 0178                           i1l754 0167  
                         i1l930 0030                           i1l756 016C                           i1l940 0056  
                         i1l932 0036                           i1l942 005E                           i1l934 0044  
                         i1l880 015D                           i1l944 0065                           i1l936 0047  
                         i1l938 004B                           i1l876 0150                           u11_20 0036  
                         u11_21 0035                           u12_20 004B                           u12_21 004A  
                         u13_20 0056                           u13_21 0055                           _PORTB 0006  
                         _PORTD 0008                           _TRISB 0086                           _TRISD 0088  
                         _SSPIF 0063                           _setup 00DD                           pclath 000A  
               __end_of_spiInit 0150                 __end_of_spiRead 0170                           status 0003  
                         wtemp0 007E                 __initialization 000F                    __end_of_main 00DD  
                        ??_main 0026                          _ADRESH 001E                          ?_setup 0070  
                        _ANSELH 0189                __end_of_adc_init 0132                __end_of_adc_read 0167  
                        _TRISC3 043B                          _TRISC5 043D                          _SSPCON 0014  
                        _SSPBUF 0013       adc_change_channel@channel 0025                          _numero 0078  
                        saved_w 007E                __end_of_spiWrite 017D                       ??_spiInit 0023  
                     ??_spiRead 0070         __end_of__initialization 002C                  __pcstackCOMMON 0070  
                  __pidataBANK0 017D                   __end_of_setup 010B        adc_change_channel@length 0020  
                       ??_setup 0024                      __pbssBANK0 002D                      __pmaintext 00AC  
                    __pintentry 0004                       ?_adc_init 0020                       ?_adc_read 0070  
                       _SSPSTAT 0094                       ?_spiWrite 0070                      ??_adc_init 0022  
                    ??_adc_read 0072                         __ptext1 00DD                         __ptext2 0132  
                       __ptext3 010B                         __ptext4 006F                         __ptext5 0030  
                       __ptext6 0177                         __ptext7 0167                         __ptext8 0170  
                       __ptext9 015D                         _spiInit 0132                         _spiRead 0167  
                       _numero2 0077            end_of_initialization 002C               ??_adc_get_channel 0072  
                    ??_spiWrite 0070                       _TRISAbits 0085                     spiWrite@dat 0070  
                _spiReceiveWait 0170      __end_of_adc_change_channel 00AC             start_initialization 000F  
                   __end_of_isr 006F          __end_of_spiReceiveWait 0177                     __pdataBANK0 0029  
               adc_init@channel 0020                     __pbssCOMMON 0077                       ___latbits 0002  
                 __pcstackBANK0 0020                 ?_spiReceiveWait 0070                 _adc_get_channel 0150  
                      ?_spiInit 0020                        ?_spiRead 0070            spiInit@sTransmitEdge 0022  
             interrupt_function 0004                        _PIE1bits 008C              spiInit@sDataSample 0020  
                      _PIR1bits 000C                      _ADCON0bits 001F                      _ADCON1bits 009F  
adc_change_channel@temp_channel 002D         __end_of_adc_get_channel 015D                        _adc_init 010B  
                      _adc_read 015D                        _channels 0029                        __ptext10 0150  
            _adc_change_channel 006F             ?_adc_change_channel 0020                        _temporal 0079  
                      _spiWrite 0177                    spiInit@sType 0023               spiInit@sClockIdle 0021  
                    _INTCONbits 000B            ??_adc_change_channel 0022                        intlevel1 0000  
              ??_spiReceiveWait 0070                      _OSCCONbits 008F                ?_adc_get_channel 0070  
